<?xml version="1.0" encoding="UTF-8"?>
<!-- Generated by org.testng.reporters.JUnitXMLReporter -->
<testsuite ignored="0" hostname="Vaishnavi" failures="0" tests="6" name="Chrome Test" time="0.137" errors="0" timestamp="2022-05-23T13:11:36 IST">
  <testcase classname="com.application.Demo" name="testC" time="0.009"/>
  <testcase classname="com.application.Demo" name="testA" time="0.003"/>
  <testcase classname="com.application.Demo" name="testB" time="0.005"/>
  <testcase classname="com.application.Demo2" name="testC" time="0.004"/>
  <testcase classname="com.application.Demo2" name="testA" time="0.001"/>
  <testcase classname="com.application.Demo2" name="testB" time="0.007"/>
</testsuite> <!-- Chrome Test -->
