<?xml version="1.0" encoding="UTF-8"?>
<!-- Generated by org.testng.reporters.JUnitXMLReporter -->
<testsuite ignored="0" hostname="Vaishnavi" failures="0" tests="6" name="Test" time="0.165" errors="0" timestamp="2022-05-22T18:21:35 IST">
  <testcase classname="com.application.Demo" name="testC" time="0.01"/>
  <testcase classname="com.application.Demo" name="testA" time="0.003"/>
  <testcase classname="com.application.Demo" name="testB" time="0.003"/>
  <testcase classname="com.application.Demo2" name="testC" time="0.002"/>
  <testcase classname="com.application.Demo2" name="testA" time="0.002"/>
  <testcase classname="com.application.Demo2" name="testB" time="0.002"/>
</testsuite> <!-- Test -->
