<?xml version="1.0" encoding="UTF-8"?>
<testng-results ignored="0" total="4" passed="1" failed="0" skipped="3">
  <reporter-output>
  </reporter-output>
  <suite started-at="2022-05-27T20:19:13 IST" name="Suite" finished-at="2022-05-27T20:20:30 IST" duration-ms="76820">
    <groups>
    </groups>
    <test started-at="2022-05-27T20:19:13 IST" name="Chrome Browser" finished-at="2022-05-27T20:19:27 IST" duration-ms="14300">
      <class name="com.application.VerifytheActiTimeHeader">
        <test-method is-config="true" signature="lounchBrowser(java.lang.String)[pri:0, instance:com.application.VerifytheActiTimeHeader@50a638b5]" started-at="2022-05-27T20:19:13 IST" name="lounchBrowser" finished-at="2022-05-27T20:19:27 IST" duration-ms="14158" status="FAIL">
          <params>
            <param index="0">
              <value>
                <![CDATA[ChromeBrowser]]>
              </value>
            </param>
          </params>
          <exception class="org.openqa.selenium.SessionNotCreatedException">
            <message>
              <![CDATA[session not created: This version of ChromeDriver only supports Chrome version 100
Current browser version is 102.0.5005.63 with binary path C:\Program Files\Google\Chrome\Application\chrome.exe
Build info: version: '3.141.59', revision: 'e82be7d358', time: '2018-11-14T08:17:03'
System info: host: 'VAISHNAVI', ip: '192.168.0.107', os.name: 'Windows 10', os.arch: 'amd64', os.version: '10.0', java.version: '17.0.2'
Driver info: driver.version: ChromeDriver
remote stacktrace: Backtrace:
Ordinal0 [0x009C7413+2389011]
Ordinal0 [0x00959F61+1941345]
Ordinal0 [0x0084C658+837208]
Ordinal0 [0x0086C773+968563]
Ordinal0 [0x0086837A+951162]
Ordinal0 [0x00865C51+941137]
Ordinal0 [0x00898C80+1150080]
Ordinal0 [0x008988DA+1149146]
Ordinal0 [0x00893F66+1130342]
Ordinal0 [0x0086E546+976198]
Ordinal0 [0x0086F456+980054]
GetHandleVerifier [0x00B79632+1727522]
GetHandleVerifier [0x00C2BA4D+2457661]
GetHandleVerifier [0x00A5EB81+569713]
GetHandleVerifier [0x00A5DD76+566118]
Ordinal0 [0x00960B2B+1968939]
Ordinal0 [0x00965988+1989000]
Ordinal0 [0x00965A75+1989237]
Ordinal0 [0x0096ECB1+2026673]
BaseThreadInitThunk [0x76A5FA29+25]
RtlGetAppContainerNamedObjectPath [0x77977A7E+286]
RtlGetAppContainerNamedObjectPath [0x77977A4E+238]
]]>
            </message>
            <full-stacktrace>
              <![CDATA[org.openqa.selenium.SessionNotCreatedException: session not created: This version of ChromeDriver only supports Chrome version 100
Current browser version is 102.0.5005.63 with binary path C:\Program Files\Google\Chrome\Application\chrome.exe
Build info: version: '3.141.59', revision: 'e82be7d358', time: '2018-11-14T08:17:03'
System info: host: 'VAISHNAVI', ip: '192.168.0.107', os.name: 'Windows 10', os.arch: 'amd64', os.version: '10.0', java.version: '17.0.2'
Driver info: driver.version: ChromeDriver
remote stacktrace: Backtrace:
Ordinal0 [0x009C7413+2389011]
Ordinal0 [0x00959F61+1941345]
Ordinal0 [0x0084C658+837208]
Ordinal0 [0x0086C773+968563]
Ordinal0 [0x0086837A+951162]
Ordinal0 [0x00865C51+941137]
Ordinal0 [0x00898C80+1150080]
Ordinal0 [0x008988DA+1149146]
Ordinal0 [0x00893F66+1130342]
Ordinal0 [0x0086E546+976198]
Ordinal0 [0x0086F456+980054]
GetHandleVerifier [0x00B79632+1727522]
GetHandleVerifier [0x00C2BA4D+2457661]
GetHandleVerifier [0x00A5EB81+569713]
GetHandleVerifier [0x00A5DD76+566118]
Ordinal0 [0x00960B2B+1968939]
Ordinal0 [0x00965988+1989000]
Ordinal0 [0x00965A75+1989237]
Ordinal0 [0x0096ECB1+2026673]
BaseThreadInitThunk [0x76A5FA29+25]
RtlGetAppContainerNamedObjectPath [0x77977A7E+286]
RtlGetAppContainerNamedObjectPath [0x77977A4E+238]

at java.base/jdk.internal.reflect.NativeConstructorAccessorImpl.newInstance0(Native Method)
at java.base/jdk.internal.reflect.NativeConstructorAccessorImpl.newInstance(NativeConstructorAccessorImpl.java:77)
at java.base/jdk.internal.reflect.DelegatingConstructorAccessorImpl.newInstance(DelegatingConstructorAccessorImpl.java:45)
at java.base/java.lang.reflect.Constructor.newInstanceWithCaller(Constructor.java:499)
at java.base/java.lang.reflect.Constructor.newInstance(Constructor.java:480)
at org.openqa.selenium.remote.W3CHandshakeResponse.lambda$errorHandler$0(W3CHandshakeResponse.java:62)
at org.openqa.selenium.remote.HandshakeResponse.lambda$getResponseFunction$0(HandshakeResponse.java:30)
at org.openqa.selenium.remote.ProtocolHandshake.lambda$createSession$0(ProtocolHandshake.java:126)
at java.base/java.util.stream.ReferencePipeline$3$1.accept(ReferencePipeline.java:197)
at java.base/java.util.Spliterators$ArraySpliterator.tryAdvance(Spliterators.java:1002)
at java.base/java.util.stream.ReferencePipeline.forEachWithCancel(ReferencePipeline.java:129)
at java.base/java.util.stream.AbstractPipeline.copyIntoWithCancel(AbstractPipeline.java:527)
at java.base/java.util.stream.AbstractPipeline.copyInto(AbstractPipeline.java:513)
at java.base/java.util.stream.AbstractPipeline.wrapAndCopyInto(AbstractPipeline.java:499)
at java.base/java.util.stream.FindOps$FindOp.evaluateSequential(FindOps.java:150)
at java.base/java.util.stream.AbstractPipeline.evaluate(AbstractPipeline.java:234)
at java.base/java.util.stream.ReferencePipeline.findFirst(ReferencePipeline.java:647)
at org.openqa.selenium.remote.ProtocolHandshake.createSession(ProtocolHandshake.java:128)
at org.openqa.selenium.remote.ProtocolHandshake.createSession(ProtocolHandshake.java:74)
at org.openqa.selenium.remote.HttpCommandExecutor.execute(HttpCommandExecutor.java:136)
at org.openqa.selenium.remote.service.DriverCommandExecutor.execute(DriverCommandExecutor.java:83)
at org.openqa.selenium.remote.RemoteWebDriver.execute(RemoteWebDriver.java:552)
at org.openqa.selenium.remote.RemoteWebDriver.startSession(RemoteWebDriver.java:213)
at org.openqa.selenium.remote.RemoteWebDriver.<init>(RemoteWebDriver.java:131)
at org.openqa.selenium.chrome.ChromeDriver.<init>(ChromeDriver.java:181)
at org.openqa.selenium.chrome.ChromeDriver.<init>(ChromeDriver.java:168)
at org.openqa.selenium.chrome.ChromeDriver.<init>(ChromeDriver.java:123)
at com.browserSetting.BaseClassCrossBrowser.openChromeBrowser(BaseClassCrossBrowser.java:12)
at com.application.VerifytheActiTimeHeader.lounchBrowser(VerifytheActiTimeHeader.java:35)
at java.base/jdk.internal.reflect.NativeMethodAccessorImpl.invoke0(Native Method)
at java.base/jdk.internal.reflect.NativeMethodAccessorImpl.invoke(NativeMethodAccessorImpl.java:77)
at java.base/jdk.internal.reflect.DelegatingMethodAccessorImpl.invoke(DelegatingMethodAccessorImpl.java:43)
at java.base/java.lang.reflect.Method.invoke(Method.java:568)
at org.testng.internal.MethodInvocationHelper.invokeMethod(MethodInvocationHelper.java:133)
at org.testng.internal.MethodInvocationHelper.invokeMethodConsideringTimeout(MethodInvocationHelper.java:62)
at org.testng.internal.ConfigInvoker.invokeConfigurationMethod(ConfigInvoker.java:385)
at org.testng.internal.ConfigInvoker.invokeConfigurations(ConfigInvoker.java:321)
at org.testng.TestRunner.invokeTestConfigurations(TestRunner.java:637)
at org.testng.TestRunner.beforeRun(TestRunner.java:627)
at org.testng.TestRunner.run(TestRunner.java:589)
at org.testng.SuiteRunner.runTest(SuiteRunner.java:377)
at org.testng.SuiteRunner.access$000(SuiteRunner.java:28)
at org.testng.SuiteRunner$SuiteWorker.run(SuiteRunner.java:418)
at org.testng.internal.thread.ThreadUtil.lambda$execute$0(ThreadUtil.java:64)
at java.base/java.util.concurrent.FutureTask.run(FutureTask.java:264)
at java.base/java.util.concurrent.ThreadPoolExecutor.runWorker(ThreadPoolExecutor.java:1136)
at java.base/java.util.concurrent.ThreadPoolExecutor$Worker.run(ThreadPoolExecutor.java:635)
at java.base/java.lang.Thread.run(Thread.java:833)
]]>
            </full-stacktrace>
          </exception> <!-- org.openqa.selenium.SessionNotCreatedException -->
          <reporter-output>
          </reporter-output>
        </test-method> <!-- lounchBrowser -->
        <test-method is-config="true" signature="lounchBrowser()[pri:0, instance:com.application.VerifytheActiTimeHeader@50a638b5]" started-at="2022-05-27T20:19:27 IST" name="lounchBrowser" finished-at="1970-01-01T05:30:00 IST" duration-ms="-1653662967553" status="SKIP">
          <reporter-output>
          </reporter-output>
        </test-method> <!-- lounchBrowser -->
        <test-method is-config="true" signature="loginToApplication()[pri:0, instance:com.application.VerifytheActiTimeHeader@50a638b5]" started-at="2022-05-27T20:19:27 IST" name="loginToApplication" finished-at="1970-01-01T05:30:00 IST" duration-ms="-1653662967574" status="SKIP">
          <reporter-output>
          </reporter-output>
        </test-method> <!-- loginToApplication -->
        <test-method signature="verifyRetoprsTab()[pri:0, instance:com.application.VerifytheActiTimeHeader@50a638b5]" started-at="2022-05-27T20:19:27 IST" name="verifyRetoprsTab" finished-at="2022-05-27T20:19:27 IST" duration-ms="0" status="SKIP">
          <exception class="org.openqa.selenium.SessionNotCreatedException">
            <message>
              <![CDATA[session not created: This version of ChromeDriver only supports Chrome version 100
Current browser version is 102.0.5005.63 with binary path C:\Program Files\Google\Chrome\Application\chrome.exe
Build info: version: '3.141.59', revision: 'e82be7d358', time: '2018-11-14T08:17:03'
System info: host: 'VAISHNAVI', ip: '192.168.0.107', os.name: 'Windows 10', os.arch: 'amd64', os.version: '10.0', java.version: '17.0.2'
Driver info: driver.version: ChromeDriver
remote stacktrace: Backtrace:
Ordinal0 [0x009C7413+2389011]
Ordinal0 [0x00959F61+1941345]
Ordinal0 [0x0084C658+837208]
Ordinal0 [0x0086C773+968563]
Ordinal0 [0x0086837A+951162]
Ordinal0 [0x00865C51+941137]
Ordinal0 [0x00898C80+1150080]
Ordinal0 [0x008988DA+1149146]
Ordinal0 [0x00893F66+1130342]
Ordinal0 [0x0086E546+976198]
Ordinal0 [0x0086F456+980054]
GetHandleVerifier [0x00B79632+1727522]
GetHandleVerifier [0x00C2BA4D+2457661]
GetHandleVerifier [0x00A5EB81+569713]
GetHandleVerifier [0x00A5DD76+566118]
Ordinal0 [0x00960B2B+1968939]
Ordinal0 [0x00965988+1989000]
Ordinal0 [0x00965A75+1989237]
Ordinal0 [0x0096ECB1+2026673]
BaseThreadInitThunk [0x76A5FA29+25]
RtlGetAppContainerNamedObjectPath [0x77977A7E+286]
RtlGetAppContainerNamedObjectPath [0x77977A4E+238]
]]>
            </message>
            <full-stacktrace>
              <![CDATA[org.openqa.selenium.SessionNotCreatedException: session not created: This version of ChromeDriver only supports Chrome version 100
Current browser version is 102.0.5005.63 with binary path C:\Program Files\Google\Chrome\Application\chrome.exe
Build info: version: '3.141.59', revision: 'e82be7d358', time: '2018-11-14T08:17:03'
System info: host: 'VAISHNAVI', ip: '192.168.0.107', os.name: 'Windows 10', os.arch: 'amd64', os.version: '10.0', java.version: '17.0.2'
Driver info: driver.version: ChromeDriver
remote stacktrace: Backtrace:
Ordinal0 [0x009C7413+2389011]
Ordinal0 [0x00959F61+1941345]
Ordinal0 [0x0084C658+837208]
Ordinal0 [0x0086C773+968563]
Ordinal0 [0x0086837A+951162]
Ordinal0 [0x00865C51+941137]
Ordinal0 [0x00898C80+1150080]
Ordinal0 [0x008988DA+1149146]
Ordinal0 [0x00893F66+1130342]
Ordinal0 [0x0086E546+976198]
Ordinal0 [0x0086F456+980054]
GetHandleVerifier [0x00B79632+1727522]
GetHandleVerifier [0x00C2BA4D+2457661]
GetHandleVerifier [0x00A5EB81+569713]
GetHandleVerifier [0x00A5DD76+566118]
Ordinal0 [0x00960B2B+1968939]
Ordinal0 [0x00965988+1989000]
Ordinal0 [0x00965A75+1989237]
Ordinal0 [0x0096ECB1+2026673]
BaseThreadInitThunk [0x76A5FA29+25]
RtlGetAppContainerNamedObjectPath [0x77977A7E+286]
RtlGetAppContainerNamedObjectPath [0x77977A4E+238]

at java.base/jdk.internal.reflect.NativeConstructorAccessorImpl.newInstance0(Native Method)
at java.base/jdk.internal.reflect.NativeConstructorAccessorImpl.newInstance(NativeConstructorAccessorImpl.java:77)
at java.base/jdk.internal.reflect.DelegatingConstructorAccessorImpl.newInstance(DelegatingConstructorAccessorImpl.java:45)
at java.base/java.lang.reflect.Constructor.newInstanceWithCaller(Constructor.java:499)
at java.base/java.lang.reflect.Constructor.newInstance(Constructor.java:480)
at org.openqa.selenium.remote.W3CHandshakeResponse.lambda$errorHandler$0(W3CHandshakeResponse.java:62)
at org.openqa.selenium.remote.HandshakeResponse.lambda$getResponseFunction$0(HandshakeResponse.java:30)
at org.openqa.selenium.remote.ProtocolHandshake.lambda$createSession$0(ProtocolHandshake.java:126)
at java.base/java.util.stream.ReferencePipeline$3$1.accept(ReferencePipeline.java:197)
at java.base/java.util.Spliterators$ArraySpliterator.tryAdvance(Spliterators.java:1002)
at java.base/java.util.stream.ReferencePipeline.forEachWithCancel(ReferencePipeline.java:129)
at java.base/java.util.stream.AbstractPipeline.copyIntoWithCancel(AbstractPipeline.java:527)
at java.base/java.util.stream.AbstractPipeline.copyInto(AbstractPipeline.java:513)
at java.base/java.util.stream.AbstractPipeline.wrapAndCopyInto(AbstractPipeline.java:499)
at java.base/java.util.stream.FindOps$FindOp.evaluateSequential(FindOps.java:150)
at java.base/java.util.stream.AbstractPipeline.evaluate(AbstractPipeline.java:234)
at java.base/java.util.stream.ReferencePipeline.findFirst(ReferencePipeline.java:647)
at org.openqa.selenium.remote.ProtocolHandshake.createSession(ProtocolHandshake.java:128)
at org.openqa.selenium.remote.ProtocolHandshake.createSession(ProtocolHandshake.java:74)
at org.openqa.selenium.remote.HttpCommandExecutor.execute(HttpCommandExecutor.java:136)
at org.openqa.selenium.remote.service.DriverCommandExecutor.execute(DriverCommandExecutor.java:83)
at org.openqa.selenium.remote.RemoteWebDriver.execute(RemoteWebDriver.java:552)
at org.openqa.selenium.remote.RemoteWebDriver.startSession(RemoteWebDriver.java:213)
at org.openqa.selenium.remote.RemoteWebDriver.<init>(RemoteWebDriver.java:131)
at org.openqa.selenium.chrome.ChromeDriver.<init>(ChromeDriver.java:181)
at org.openqa.selenium.chrome.ChromeDriver.<init>(ChromeDriver.java:168)
at org.openqa.selenium.chrome.ChromeDriver.<init>(ChromeDriver.java:123)
at com.browserSetting.BaseClassCrossBrowser.openChromeBrowser(BaseClassCrossBrowser.java:12)
at com.application.VerifytheActiTimeHeader.lounchBrowser(VerifytheActiTimeHeader.java:35)
at java.base/jdk.internal.reflect.NativeMethodAccessorImpl.invoke0(Native Method)
at java.base/jdk.internal.reflect.NativeMethodAccessorImpl.invoke(NativeMethodAccessorImpl.java:77)
at java.base/jdk.internal.reflect.DelegatingMethodAccessorImpl.invoke(DelegatingMethodAccessorImpl.java:43)
at java.base/java.lang.reflect.Method.invoke(Method.java:568)
at org.testng.internal.MethodInvocationHelper.invokeMethod(MethodInvocationHelper.java:133)
at org.testng.internal.MethodInvocationHelper.invokeMethodConsideringTimeout(MethodInvocationHelper.java:62)
at org.testng.internal.ConfigInvoker.invokeConfigurationMethod(ConfigInvoker.java:385)
at org.testng.internal.ConfigInvoker.invokeConfigurations(ConfigInvoker.java:321)
at org.testng.TestRunner.invokeTestConfigurations(TestRunner.java:637)
at org.testng.TestRunner.beforeRun(TestRunner.java:627)
at org.testng.TestRunner.run(TestRunner.java:589)
at org.testng.SuiteRunner.runTest(SuiteRunner.java:377)
at org.testng.SuiteRunner.access$000(SuiteRunner.java:28)
at org.testng.SuiteRunner$SuiteWorker.run(SuiteRunner.java:418)
at org.testng.internal.thread.ThreadUtil.lambda$execute$0(ThreadUtil.java:64)
at java.base/java.util.concurrent.FutureTask.run(FutureTask.java:264)
at java.base/java.util.concurrent.ThreadPoolExecutor.runWorker(ThreadPoolExecutor.java:1136)
at java.base/java.util.concurrent.ThreadPoolExecutor$Worker.run(ThreadPoolExecutor.java:635)
at java.base/java.lang.Thread.run(Thread.java:833)
]]>
            </full-stacktrace>
          </exception> <!-- org.openqa.selenium.SessionNotCreatedException -->
          <reporter-output>
          </reporter-output>
        </test-method> <!-- verifyRetoprsTab -->
        <test-method is-config="true" signature="logoutApplication()[pri:0, instance:com.application.VerifytheActiTimeHeader@50a638b5]" started-at="2022-05-27T20:19:27 IST" name="logoutApplication" finished-at="1970-01-01T05:30:00 IST" duration-ms="-1653662967590" status="SKIP">
          <reporter-output>
          </reporter-output>
        </test-method> <!-- logoutApplication -->
        <test-method is-config="true" signature="loginToApplication()[pri:0, instance:com.application.VerifytheActiTimeHeader@50a638b5]" started-at="2022-05-27T20:19:27 IST" name="loginToApplication" finished-at="1970-01-01T05:30:00 IST" duration-ms="-1653662967596" status="SKIP">
          <reporter-output>
          </reporter-output>
        </test-method> <!-- loginToApplication -->
        <test-method signature="verifyTasksTab()[pri:0, instance:com.application.VerifytheActiTimeHeader@50a638b5]" started-at="2022-05-27T20:19:27 IST" name="verifyTasksTab" finished-at="2022-05-27T20:19:27 IST" duration-ms="0" status="SKIP">
          <exception class="org.openqa.selenium.SessionNotCreatedException">
            <message>
              <![CDATA[session not created: This version of ChromeDriver only supports Chrome version 100
Current browser version is 102.0.5005.63 with binary path C:\Program Files\Google\Chrome\Application\chrome.exe
Build info: version: '3.141.59', revision: 'e82be7d358', time: '2018-11-14T08:17:03'
System info: host: 'VAISHNAVI', ip: '192.168.0.107', os.name: 'Windows 10', os.arch: 'amd64', os.version: '10.0', java.version: '17.0.2'
Driver info: driver.version: ChromeDriver
remote stacktrace: Backtrace:
Ordinal0 [0x009C7413+2389011]
Ordinal0 [0x00959F61+1941345]
Ordinal0 [0x0084C658+837208]
Ordinal0 [0x0086C773+968563]
Ordinal0 [0x0086837A+951162]
Ordinal0 [0x00865C51+941137]
Ordinal0 [0x00898C80+1150080]
Ordinal0 [0x008988DA+1149146]
Ordinal0 [0x00893F66+1130342]
Ordinal0 [0x0086E546+976198]
Ordinal0 [0x0086F456+980054]
GetHandleVerifier [0x00B79632+1727522]
GetHandleVerifier [0x00C2BA4D+2457661]
GetHandleVerifier [0x00A5EB81+569713]
GetHandleVerifier [0x00A5DD76+566118]
Ordinal0 [0x00960B2B+1968939]
Ordinal0 [0x00965988+1989000]
Ordinal0 [0x00965A75+1989237]
Ordinal0 [0x0096ECB1+2026673]
BaseThreadInitThunk [0x76A5FA29+25]
RtlGetAppContainerNamedObjectPath [0x77977A7E+286]
RtlGetAppContainerNamedObjectPath [0x77977A4E+238]
]]>
            </message>
            <full-stacktrace>
              <![CDATA[org.openqa.selenium.SessionNotCreatedException: session not created: This version of ChromeDriver only supports Chrome version 100
Current browser version is 102.0.5005.63 with binary path C:\Program Files\Google\Chrome\Application\chrome.exe
Build info: version: '3.141.59', revision: 'e82be7d358', time: '2018-11-14T08:17:03'
System info: host: 'VAISHNAVI', ip: '192.168.0.107', os.name: 'Windows 10', os.arch: 'amd64', os.version: '10.0', java.version: '17.0.2'
Driver info: driver.version: ChromeDriver
remote stacktrace: Backtrace:
Ordinal0 [0x009C7413+2389011]
Ordinal0 [0x00959F61+1941345]
Ordinal0 [0x0084C658+837208]
Ordinal0 [0x0086C773+968563]
Ordinal0 [0x0086837A+951162]
Ordinal0 [0x00865C51+941137]
Ordinal0 [0x00898C80+1150080]
Ordinal0 [0x008988DA+1149146]
Ordinal0 [0x00893F66+1130342]
Ordinal0 [0x0086E546+976198]
Ordinal0 [0x0086F456+980054]
GetHandleVerifier [0x00B79632+1727522]
GetHandleVerifier [0x00C2BA4D+2457661]
GetHandleVerifier [0x00A5EB81+569713]
GetHandleVerifier [0x00A5DD76+566118]
Ordinal0 [0x00960B2B+1968939]
Ordinal0 [0x00965988+1989000]
Ordinal0 [0x00965A75+1989237]
Ordinal0 [0x0096ECB1+2026673]
BaseThreadInitThunk [0x76A5FA29+25]
RtlGetAppContainerNamedObjectPath [0x77977A7E+286]
RtlGetAppContainerNamedObjectPath [0x77977A4E+238]

at java.base/jdk.internal.reflect.NativeConstructorAccessorImpl.newInstance0(Native Method)
at java.base/jdk.internal.reflect.NativeConstructorAccessorImpl.newInstance(NativeConstructorAccessorImpl.java:77)
at java.base/jdk.internal.reflect.DelegatingConstructorAccessorImpl.newInstance(DelegatingConstructorAccessorImpl.java:45)
at java.base/java.lang.reflect.Constructor.newInstanceWithCaller(Constructor.java:499)
at java.base/java.lang.reflect.Constructor.newInstance(Constructor.java:480)
at org.openqa.selenium.remote.W3CHandshakeResponse.lambda$errorHandler$0(W3CHandshakeResponse.java:62)
at org.openqa.selenium.remote.HandshakeResponse.lambda$getResponseFunction$0(HandshakeResponse.java:30)
at org.openqa.selenium.remote.ProtocolHandshake.lambda$createSession$0(ProtocolHandshake.java:126)
at java.base/java.util.stream.ReferencePipeline$3$1.accept(ReferencePipeline.java:197)
at java.base/java.util.Spliterators$ArraySpliterator.tryAdvance(Spliterators.java:1002)
at java.base/java.util.stream.ReferencePipeline.forEachWithCancel(ReferencePipeline.java:129)
at java.base/java.util.stream.AbstractPipeline.copyIntoWithCancel(AbstractPipeline.java:527)
at java.base/java.util.stream.AbstractPipeline.copyInto(AbstractPipeline.java:513)
at java.base/java.util.stream.AbstractPipeline.wrapAndCopyInto(AbstractPipeline.java:499)
at java.base/java.util.stream.FindOps$FindOp.evaluateSequential(FindOps.java:150)
at java.base/java.util.stream.AbstractPipeline.evaluate(AbstractPipeline.java:234)
at java.base/java.util.stream.ReferencePipeline.findFirst(ReferencePipeline.java:647)
at org.openqa.selenium.remote.ProtocolHandshake.createSession(ProtocolHandshake.java:128)
at org.openqa.selenium.remote.ProtocolHandshake.createSession(ProtocolHandshake.java:74)
at org.openqa.selenium.remote.HttpCommandExecutor.execute(HttpCommandExecutor.java:136)
at org.openqa.selenium.remote.service.DriverCommandExecutor.execute(DriverCommandExecutor.java:83)
at org.openqa.selenium.remote.RemoteWebDriver.execute(RemoteWebDriver.java:552)
at org.openqa.selenium.remote.RemoteWebDriver.startSession(RemoteWebDriver.java:213)
at org.openqa.selenium.remote.RemoteWebDriver.<init>(RemoteWebDriver.java:131)
at org.openqa.selenium.chrome.ChromeDriver.<init>(ChromeDriver.java:181)
at org.openqa.selenium.chrome.ChromeDriver.<init>(ChromeDriver.java:168)
at org.openqa.selenium.chrome.ChromeDriver.<init>(ChromeDriver.java:123)
at com.browserSetting.BaseClassCrossBrowser.openChromeBrowser(BaseClassCrossBrowser.java:12)
at com.application.VerifytheActiTimeHeader.lounchBrowser(VerifytheActiTimeHeader.java:35)
at java.base/jdk.internal.reflect.NativeMethodAccessorImpl.invoke0(Native Method)
at java.base/jdk.internal.reflect.NativeMethodAccessorImpl.invoke(NativeMethodAccessorImpl.java:77)
at java.base/jdk.internal.reflect.DelegatingMethodAccessorImpl.invoke(DelegatingMethodAccessorImpl.java:43)
at java.base/java.lang.reflect.Method.invoke(Method.java:568)
at org.testng.internal.MethodInvocationHelper.invokeMethod(MethodInvocationHelper.java:133)
at org.testng.internal.MethodInvocationHelper.invokeMethodConsideringTimeout(MethodInvocationHelper.java:62)
at org.testng.internal.ConfigInvoker.invokeConfigurationMethod(ConfigInvoker.java:385)
at org.testng.internal.ConfigInvoker.invokeConfigurations(ConfigInvoker.java:321)
at org.testng.TestRunner.invokeTestConfigurations(TestRunner.java:637)
at org.testng.TestRunner.beforeRun(TestRunner.java:627)
at org.testng.TestRunner.run(TestRunner.java:589)
at org.testng.SuiteRunner.runTest(SuiteRunner.java:377)
at org.testng.SuiteRunner.access$000(SuiteRunner.java:28)
at org.testng.SuiteRunner$SuiteWorker.run(SuiteRunner.java:418)
at org.testng.internal.thread.ThreadUtil.lambda$execute$0(ThreadUtil.java:64)
at java.base/java.util.concurrent.FutureTask.run(FutureTask.java:264)
at java.base/java.util.concurrent.ThreadPoolExecutor.runWorker(ThreadPoolExecutor.java:1136)
at java.base/java.util.concurrent.ThreadPoolExecutor$Worker.run(ThreadPoolExecutor.java:635)
at java.base/java.lang.Thread.run(Thread.java:833)
]]>
            </full-stacktrace>
          </exception> <!-- org.openqa.selenium.SessionNotCreatedException -->
          <reporter-output>
          </reporter-output>
        </test-method> <!-- verifyTasksTab -->
        <test-method is-config="true" signature="logoutApplication()[pri:0, instance:com.application.VerifytheActiTimeHeader@50a638b5]" started-at="2022-05-27T20:19:27 IST" name="logoutApplication" finished-at="1970-01-01T05:30:00 IST" duration-ms="-1653662967607" status="SKIP">
          <reporter-output>
          </reporter-output>
        </test-method> <!-- logoutApplication -->
        <test-method is-config="true" signature="clearPOMObjects()[pri:0, instance:com.application.VerifytheActiTimeHeader@50a638b5]" started-at="2022-05-27T20:19:27 IST" name="clearPOMObjects" finished-at="1970-01-01T05:30:00 IST" duration-ms="-1653662967610" status="SKIP">
          <reporter-output>
          </reporter-output>
        </test-method> <!-- clearPOMObjects -->
        <test-method is-config="true" signature="closeBrowser()[pri:0, instance:com.application.VerifytheActiTimeHeader@50a638b5]" started-at="2022-05-27T20:19:27 IST" name="closeBrowser" finished-at="1970-01-01T05:30:00 IST" duration-ms="-1653662967616" status="SKIP">
          <reporter-output>
          </reporter-output>
        </test-method> <!-- closeBrowser -->
      </class> <!-- com.application.VerifytheActiTimeHeader -->
    </test> <!-- Chrome Browser -->
    <test started-at="2022-05-27T20:19:13 IST" name="Firefox Browser" finished-at="2022-05-27T20:20:30 IST" duration-ms="76820">
      <class name="com.application.VerifytheActiTimeHeader">
        <test-method is-config="true" signature="lounchBrowser(java.lang.String)[pri:0, instance:com.application.VerifytheActiTimeHeader@6c80d78a]" started-at="2022-05-27T20:19:13 IST" name="lounchBrowser" finished-at="2022-05-27T20:19:57 IST" duration-ms="43930" status="PASS">
          <params>
            <param index="0">
              <value>
                <![CDATA[FirefoxBrowser]]>
              </value>
            </param>
          </params>
          <reporter-output>
          </reporter-output>
        </test-method> <!-- lounchBrowser -->
        <test-method is-config="true" signature="lounchBrowser()[pri:0, instance:com.application.VerifytheActiTimeHeader@6c80d78a]" started-at="2022-05-27T20:19:57 IST" name="lounchBrowser" finished-at="2022-05-27T20:19:57 IST" duration-ms="71" status="PASS">
          <reporter-output>
          </reporter-output>
        </test-method> <!-- lounchBrowser -->
        <test-method is-config="true" signature="loginToApplication()[pri:0, instance:com.application.VerifytheActiTimeHeader@6c80d78a]" started-at="2022-05-27T20:19:57 IST" name="loginToApplication" finished-at="2022-05-27T20:20:26 IST" duration-ms="28903" status="PASS">
          <reporter-output>
          </reporter-output>
        </test-method> <!-- loginToApplication -->
        <test-method signature="verifyRetoprsTab()[pri:0, instance:com.application.VerifytheActiTimeHeader@6c80d78a]" started-at="2022-05-27T20:20:26 IST" name="verifyRetoprsTab" finished-at="2022-05-27T20:20:27 IST" duration-ms="943" status="PASS">
          <reporter-output>
          </reporter-output>
        </test-method> <!-- verifyRetoprsTab -->
        <test-method is-config="true" signature="logoutApplication()[pri:0, instance:com.application.VerifytheActiTimeHeader@6c80d78a]" started-at="2022-05-27T20:20:27 IST" name="logoutApplication" finished-at="2022-05-27T20:20:30 IST" duration-ms="2884" status="FAIL">
          <exception class="org.openqa.selenium.ElementClickInterceptedException">
            <message>
              <![CDATA[Element <a id="logoutLink" class="logout" href="/vrawade1/logout.do"> is not clickable at point (1326,17) because another element <div id="preInsertedTransformedMoireId" class="transformedMoireClass"> obscures it
Build info: version: '3.141.59', revision: 'e82be7d358', time: '2018-11-14T08:17:03'
System info: host: 'VAISHNAVI', ip: '192.168.0.107', os.name: 'Windows 10', os.arch: 'amd64', os.version: '10.0', java.version: '17.0.2'
Driver info: org.openqa.selenium.firefox.FirefoxDriver
Capabilities {acceptInsecureCerts: true, browserName: firefox, browserVersion: 100.0.2, javascriptEnabled: true, moz:accessibilityChecks: false, moz:buildID: 20220519220738, moz:geckodriverVersion: 0.31.0, moz:headless: false, moz:processID: 21804, moz:profile: C:\Users\Hp\AppData\Local\T..., moz:shutdownTimeout: 60000, moz:useNonSpecCompliantPointerOrigin: false, moz:webdriverClick: true, pageLoadStrategy: normal, platform: WINDOWS, platformName: WINDOWS, platformVersion: 10.0, proxy: Proxy(), setWindowRect: true, strictFileInteractability: false, timeouts: {implicit: 0, pageLoad: 300000, script: 30000}, unhandledPromptBehavior: dismiss and notify}
Session ID: 0ec56445-588b-4567-9054-0d9588530823]]>
            </message>
            <full-stacktrace>
              <![CDATA[org.openqa.selenium.ElementClickInterceptedException: Element <a id="logoutLink" class="logout" href="/vrawade1/logout.do"> is not clickable at point (1326,17) because another element <div id="preInsertedTransformedMoireId" class="transformedMoireClass"> obscures it
Build info: version: '3.141.59', revision: 'e82be7d358', time: '2018-11-14T08:17:03'
System info: host: 'VAISHNAVI', ip: '192.168.0.107', os.name: 'Windows 10', os.arch: 'amd64', os.version: '10.0', java.version: '17.0.2'
Driver info: org.openqa.selenium.firefox.FirefoxDriver
Capabilities {acceptInsecureCerts: true, browserName: firefox, browserVersion: 100.0.2, javascriptEnabled: true, moz:accessibilityChecks: false, moz:buildID: 20220519220738, moz:geckodriverVersion: 0.31.0, moz:headless: false, moz:processID: 21804, moz:profile: C:\Users\Hp\AppData\Local\T..., moz:shutdownTimeout: 60000, moz:useNonSpecCompliantPointerOrigin: false, moz:webdriverClick: true, pageLoadStrategy: normal, platform: WINDOWS, platformName: WINDOWS, platformVersion: 10.0, proxy: Proxy(), setWindowRect: true, strictFileInteractability: false, timeouts: {implicit: 0, pageLoad: 300000, script: 30000}, unhandledPromptBehavior: dismiss and notify}
Session ID: 0ec56445-588b-4567-9054-0d9588530823
at java.base/jdk.internal.reflect.NativeConstructorAccessorImpl.newInstance0(Native Method)
at java.base/jdk.internal.reflect.NativeConstructorAccessorImpl.newInstance(NativeConstructorAccessorImpl.java:77)
at java.base/jdk.internal.reflect.DelegatingConstructorAccessorImpl.newInstance(DelegatingConstructorAccessorImpl.java:45)
at java.base/java.lang.reflect.Constructor.newInstanceWithCaller(Constructor.java:499)
at java.base/java.lang.reflect.Constructor.newInstance(Constructor.java:480)
at org.openqa.selenium.remote.http.W3CHttpResponseCodec.createException(W3CHttpResponseCodec.java:187)
at org.openqa.selenium.remote.http.W3CHttpResponseCodec.decode(W3CHttpResponseCodec.java:122)
at org.openqa.selenium.remote.http.W3CHttpResponseCodec.decode(W3CHttpResponseCodec.java:49)
at org.openqa.selenium.remote.HttpCommandExecutor.execute(HttpCommandExecutor.java:158)
at org.openqa.selenium.remote.service.DriverCommandExecutor.execute(DriverCommandExecutor.java:83)
at org.openqa.selenium.remote.RemoteWebDriver.execute(RemoteWebDriver.java:552)
at org.openqa.selenium.remote.RemoteWebElement.execute(RemoteWebElement.java:285)
at org.openqa.selenium.remote.RemoteWebElement.click(RemoteWebElement.java:84)
at java.base/jdk.internal.reflect.NativeMethodAccessorImpl.invoke0(Native Method)
at java.base/jdk.internal.reflect.NativeMethodAccessorImpl.invoke(NativeMethodAccessorImpl.java:77)
at java.base/jdk.internal.reflect.DelegatingMethodAccessorImpl.invoke(DelegatingMethodAccessorImpl.java:43)
at java.base/java.lang.reflect.Method.invoke(Method.java:568)
at org.openqa.selenium.support.pagefactory.internal.LocatingElementHandler.invoke(LocatingElementHandler.java:51)
at jdk.proxy2/jdk.proxy2.$Proxy17.click(Unknown Source)
at com.pack.ActiTimeHeader.clickOnLogout(ActiTimeHeader.java:48)
at com.application.VerifytheActiTimeHeader.logoutApplication(VerifytheActiTimeHeader.java:116)
at java.base/jdk.internal.reflect.NativeMethodAccessorImpl.invoke0(Native Method)
at java.base/jdk.internal.reflect.NativeMethodAccessorImpl.invoke(NativeMethodAccessorImpl.java:77)
at java.base/jdk.internal.reflect.DelegatingMethodAccessorImpl.invoke(DelegatingMethodAccessorImpl.java:43)
at java.base/java.lang.reflect.Method.invoke(Method.java:568)
at org.testng.internal.MethodInvocationHelper.invokeMethod(MethodInvocationHelper.java:133)
at org.testng.internal.MethodInvocationHelper.invokeMethodConsideringTimeout(MethodInvocationHelper.java:62)
at org.testng.internal.ConfigInvoker.invokeConfigurationMethod(ConfigInvoker.java:385)
at org.testng.internal.ConfigInvoker.invokeConfigurations(ConfigInvoker.java:321)
at org.testng.internal.TestInvoker.runConfigMethods(TestInvoker.java:700)
at org.testng.internal.TestInvoker.runAfterGroupsConfigurations(TestInvoker.java:676)
at org.testng.internal.TestInvoker.invokeMethod(TestInvoker.java:660)
at org.testng.internal.TestInvoker.invokeTestMethod(TestInvoker.java:173)
at org.testng.internal.MethodRunner.runInSequence(MethodRunner.java:46)
at org.testng.internal.TestInvoker$MethodInvocationAgent.invoke(TestInvoker.java:824)
at org.testng.internal.TestInvoker.invokeTestMethods(TestInvoker.java:146)
at org.testng.internal.TestMethodWorker.invokeTestMethods(TestMethodWorker.java:146)
at org.testng.internal.TestMethodWorker.run(TestMethodWorker.java:128)
at java.base/java.util.ArrayList.forEach(ArrayList.java:1511)
at org.testng.TestRunner.privateRun(TestRunner.java:794)
at org.testng.TestRunner.run(TestRunner.java:596)
at org.testng.SuiteRunner.runTest(SuiteRunner.java:377)
at org.testng.SuiteRunner.access$000(SuiteRunner.java:28)
at org.testng.SuiteRunner$SuiteWorker.run(SuiteRunner.java:418)
at org.testng.internal.thread.ThreadUtil.lambda$execute$0(ThreadUtil.java:64)
at java.base/java.util.concurrent.FutureTask.run(FutureTask.java:264)
at java.base/java.util.concurrent.ThreadPoolExecutor.runWorker(ThreadPoolExecutor.java:1136)
at java.base/java.util.concurrent.ThreadPoolExecutor$Worker.run(ThreadPoolExecutor.java:635)
at java.base/java.lang.Thread.run(Thread.java:833)
]]>
            </full-stacktrace>
          </exception> <!-- org.openqa.selenium.ElementClickInterceptedException -->
          <reporter-output>
          </reporter-output>
        </test-method> <!-- logoutApplication -->
        <test-method is-config="true" signature="loginToApplication()[pri:0, instance:com.application.VerifytheActiTimeHeader@6c80d78a]" started-at="2022-05-27T20:20:30 IST" name="loginToApplication" finished-at="1970-01-01T05:30:00 IST" duration-ms="-1653663030103" status="SKIP">
          <reporter-output>
          </reporter-output>
        </test-method> <!-- loginToApplication -->
        <test-method signature="verifyTasksTab()[pri:0, instance:com.application.VerifytheActiTimeHeader@6c80d78a]" started-at="2022-05-27T20:20:30 IST" name="verifyTasksTab" finished-at="2022-05-27T20:20:30 IST" duration-ms="0" status="SKIP">
          <exception class="org.openqa.selenium.ElementClickInterceptedException">
            <message>
              <![CDATA[Element <a id="logoutLink" class="logout" href="/vrawade1/logout.do"> is not clickable at point (1326,17) because another element <div id="preInsertedTransformedMoireId" class="transformedMoireClass"> obscures it
Build info: version: '3.141.59', revision: 'e82be7d358', time: '2018-11-14T08:17:03'
System info: host: 'VAISHNAVI', ip: '192.168.0.107', os.name: 'Windows 10', os.arch: 'amd64', os.version: '10.0', java.version: '17.0.2'
Driver info: org.openqa.selenium.firefox.FirefoxDriver
Capabilities {acceptInsecureCerts: true, browserName: firefox, browserVersion: 100.0.2, javascriptEnabled: true, moz:accessibilityChecks: false, moz:buildID: 20220519220738, moz:geckodriverVersion: 0.31.0, moz:headless: false, moz:processID: 21804, moz:profile: C:\Users\Hp\AppData\Local\T..., moz:shutdownTimeout: 60000, moz:useNonSpecCompliantPointerOrigin: false, moz:webdriverClick: true, pageLoadStrategy: normal, platform: WINDOWS, platformName: WINDOWS, platformVersion: 10.0, proxy: Proxy(), setWindowRect: true, strictFileInteractability: false, timeouts: {implicit: 0, pageLoad: 300000, script: 30000}, unhandledPromptBehavior: dismiss and notify}
Session ID: 0ec56445-588b-4567-9054-0d9588530823]]>
            </message>
            <full-stacktrace>
              <![CDATA[org.openqa.selenium.ElementClickInterceptedException: Element <a id="logoutLink" class="logout" href="/vrawade1/logout.do"> is not clickable at point (1326,17) because another element <div id="preInsertedTransformedMoireId" class="transformedMoireClass"> obscures it
Build info: version: '3.141.59', revision: 'e82be7d358', time: '2018-11-14T08:17:03'
System info: host: 'VAISHNAVI', ip: '192.168.0.107', os.name: 'Windows 10', os.arch: 'amd64', os.version: '10.0', java.version: '17.0.2'
Driver info: org.openqa.selenium.firefox.FirefoxDriver
Capabilities {acceptInsecureCerts: true, browserName: firefox, browserVersion: 100.0.2, javascriptEnabled: true, moz:accessibilityChecks: false, moz:buildID: 20220519220738, moz:geckodriverVersion: 0.31.0, moz:headless: false, moz:processID: 21804, moz:profile: C:\Users\Hp\AppData\Local\T..., moz:shutdownTimeout: 60000, moz:useNonSpecCompliantPointerOrigin: false, moz:webdriverClick: true, pageLoadStrategy: normal, platform: WINDOWS, platformName: WINDOWS, platformVersion: 10.0, proxy: Proxy(), setWindowRect: true, strictFileInteractability: false, timeouts: {implicit: 0, pageLoad: 300000, script: 30000}, unhandledPromptBehavior: dismiss and notify}
Session ID: 0ec56445-588b-4567-9054-0d9588530823
at java.base/jdk.internal.reflect.NativeConstructorAccessorImpl.newInstance0(Native Method)
at java.base/jdk.internal.reflect.NativeConstructorAccessorImpl.newInstance(NativeConstructorAccessorImpl.java:77)
at java.base/jdk.internal.reflect.DelegatingConstructorAccessorImpl.newInstance(DelegatingConstructorAccessorImpl.java:45)
at java.base/java.lang.reflect.Constructor.newInstanceWithCaller(Constructor.java:499)
at java.base/java.lang.reflect.Constructor.newInstance(Constructor.java:480)
at org.openqa.selenium.remote.http.W3CHttpResponseCodec.createException(W3CHttpResponseCodec.java:187)
at org.openqa.selenium.remote.http.W3CHttpResponseCodec.decode(W3CHttpResponseCodec.java:122)
at org.openqa.selenium.remote.http.W3CHttpResponseCodec.decode(W3CHttpResponseCodec.java:49)
at org.openqa.selenium.remote.HttpCommandExecutor.execute(HttpCommandExecutor.java:158)
at org.openqa.selenium.remote.service.DriverCommandExecutor.execute(DriverCommandExecutor.java:83)
at org.openqa.selenium.remote.RemoteWebDriver.execute(RemoteWebDriver.java:552)
at org.openqa.selenium.remote.RemoteWebElement.execute(RemoteWebElement.java:285)
at org.openqa.selenium.remote.RemoteWebElement.click(RemoteWebElement.java:84)
at java.base/jdk.internal.reflect.NativeMethodAccessorImpl.invoke0(Native Method)
at java.base/jdk.internal.reflect.NativeMethodAccessorImpl.invoke(NativeMethodAccessorImpl.java:77)
at java.base/jdk.internal.reflect.DelegatingMethodAccessorImpl.invoke(DelegatingMethodAccessorImpl.java:43)
at java.base/java.lang.reflect.Method.invoke(Method.java:568)
at org.openqa.selenium.support.pagefactory.internal.LocatingElementHandler.invoke(LocatingElementHandler.java:51)
at jdk.proxy2/jdk.proxy2.$Proxy17.click(Unknown Source)
at com.pack.ActiTimeHeader.clickOnLogout(ActiTimeHeader.java:48)
at com.application.VerifytheActiTimeHeader.logoutApplication(VerifytheActiTimeHeader.java:116)
at java.base/jdk.internal.reflect.NativeMethodAccessorImpl.invoke0(Native Method)
at java.base/jdk.internal.reflect.NativeMethodAccessorImpl.invoke(NativeMethodAccessorImpl.java:77)
at java.base/jdk.internal.reflect.DelegatingMethodAccessorImpl.invoke(DelegatingMethodAccessorImpl.java:43)
at java.base/java.lang.reflect.Method.invoke(Method.java:568)
at org.testng.internal.MethodInvocationHelper.invokeMethod(MethodInvocationHelper.java:133)
at org.testng.internal.MethodInvocationHelper.invokeMethodConsideringTimeout(MethodInvocationHelper.java:62)
at org.testng.internal.ConfigInvoker.invokeConfigurationMethod(ConfigInvoker.java:385)
at org.testng.internal.ConfigInvoker.invokeConfigurations(ConfigInvoker.java:321)
at org.testng.internal.TestInvoker.runConfigMethods(TestInvoker.java:700)
at org.testng.internal.TestInvoker.runAfterGroupsConfigurations(TestInvoker.java:676)
at org.testng.internal.TestInvoker.invokeMethod(TestInvoker.java:660)
at org.testng.internal.TestInvoker.invokeTestMethod(TestInvoker.java:173)
at org.testng.internal.MethodRunner.runInSequence(MethodRunner.java:46)
at org.testng.internal.TestInvoker$MethodInvocationAgent.invoke(TestInvoker.java:824)
at org.testng.internal.TestInvoker.invokeTestMethods(TestInvoker.java:146)
at org.testng.internal.TestMethodWorker.invokeTestMethods(TestMethodWorker.java:146)
at org.testng.internal.TestMethodWorker.run(TestMethodWorker.java:128)
at java.base/java.util.ArrayList.forEach(ArrayList.java:1511)
at org.testng.TestRunner.privateRun(TestRunner.java:794)
at org.testng.TestRunner.run(TestRunner.java:596)
at org.testng.SuiteRunner.runTest(SuiteRunner.java:377)
at org.testng.SuiteRunner.access$000(SuiteRunner.java:28)
at org.testng.SuiteRunner$SuiteWorker.run(SuiteRunner.java:418)
at org.testng.internal.thread.ThreadUtil.lambda$execute$0(ThreadUtil.java:64)
at java.base/java.util.concurrent.FutureTask.run(FutureTask.java:264)
at java.base/java.util.concurrent.ThreadPoolExecutor.runWorker(ThreadPoolExecutor.java:1136)
at java.base/java.util.concurrent.ThreadPoolExecutor$Worker.run(ThreadPoolExecutor.java:635)
at java.base/java.lang.Thread.run(Thread.java:833)
]]>
            </full-stacktrace>
          </exception> <!-- org.openqa.selenium.ElementClickInterceptedException -->
          <reporter-output>
          </reporter-output>
        </test-method> <!-- verifyTasksTab -->
        <test-method is-config="true" signature="logoutApplication()[pri:0, instance:com.application.VerifytheActiTimeHeader@6c80d78a]" started-at="2022-05-27T20:20:30 IST" name="logoutApplication" finished-at="1970-01-01T05:30:00 IST" duration-ms="-1653663030113" status="SKIP">
          <reporter-output>
          </reporter-output>
        </test-method> <!-- logoutApplication -->
        <test-method is-config="true" signature="clearPOMObjects()[pri:0, instance:com.application.VerifytheActiTimeHeader@6c80d78a]" started-at="2022-05-27T20:20:30 IST" name="clearPOMObjects" finished-at="1970-01-01T05:30:00 IST" duration-ms="-1653663030118" status="SKIP">
          <reporter-output>
          </reporter-output>
        </test-method> <!-- clearPOMObjects -->
        <test-method is-config="true" signature="closeBrowser()[pri:0, instance:com.application.VerifytheActiTimeHeader@6c80d78a]" started-at="2022-05-27T20:20:30 IST" name="closeBrowser" finished-at="1970-01-01T05:30:00 IST" duration-ms="-1653663030121" status="SKIP">
          <reporter-output>
          </reporter-output>
        </test-method> <!-- closeBrowser -->
      </class> <!-- com.application.VerifytheActiTimeHeader -->
    </test> <!-- Firefox Browser -->
  </suite> <!-- Suite -->
</testng-results>
