<?xml version="1.0" encoding="UTF-8"?>
<!-- Generated by org.testng.reporters.JUnitXMLReporter -->
<testsuite ignored="0" hostname="Vaishnavi" failures="1" tests="2" name="Chrome Browser" time="51.94" errors="0" timestamp="2022-05-30T20:00:15 IST">
  <testcase classname="com.application.VerifytheActiTimeHeader" name="verifyRetoprsTab" time="9.655"/>
  <testcase classname="com.application.VerifytheActiTimeHeader" name="verifyTasksTab" time="8.605">
    <failure type="java.lang.AssertionError" message="expected [https://vrawade1/tasks/tasklist.do] but found [url]">
      <![CDATA[java.lang.AssertionError: expected [https://vrawade1/tasks/tasklist.do] but found [url]
at com.application.VerifytheActiTimeHeader.verifyTasksTab(VerifytheActiTimeHeader.java:81)
at java.base/java.util.ArrayList.forEach(ArrayList.java:1511)
at java.base/java.util.concurrent.FutureTask.run(FutureTask.java:264)
at java.base/java.util.concurrent.ThreadPoolExecutor.runWorker(ThreadPoolExecutor.java:1136)
at java.base/java.util.concurrent.ThreadPoolExecutor$Worker.run(ThreadPoolExecutor.java:635)
at java.base/java.lang.Thread.run(Thread.java:833)
... Removed 24 stack frames]]>
    </failure>
  </testcase> <!-- verifyTasksTab -->
</testsuite> <!-- Chrome Browser -->
