<?xml version="1.0" encoding="UTF-8"?>
<!-- Generated by org.testng.reporters.JUnitXMLReporter -->
<testsuite ignored="0" hostname="Vaishnavi" failures="0" tests="6" name="Demo Test2" time="0.089" errors="0" timestamp="2022-05-23T13:26:34 IST">
  <testcase classname="com.demo.Demo" name="testC" time="0.002"/>
  <testcase classname="com.demo.Demo" name="testA" time="0.005"/>
  <testcase classname="com.demo.Demo" name="testB" time="0.001"/>
  <testcase classname="com.demo.Demo2" name="testC" time="0.002"/>
  <testcase classname="com.demo.Demo2" name="testA" time="0.002"/>
  <testcase classname="com.demo.Demo2" name="testB" time="0.003"/>
</testsuite> <!-- Demo Test2 -->
