<?xml version="1.0" encoding="UTF-8"?>
<!-- Generated by org.testng.reporters.JUnitXMLReporter -->
<testsuite ignored="2" hostname="Vaishnavi" failures="0" tests="3" name="Test" time="0.14" errors="0" timestamp="2022-05-30T11:02:29 IST">
  <testcase classname="com.application.VerifytheActiTimeHeader" name="@BeforeTest lounchBrowser" time="-1.653888749089E9">
    <failure type="org.testng.TestNGException" message="
Can inject only one of &amp;lt;ITestContext, XmlTest&amp;gt; into a @BeforeTest annotated lounchBrowser.
For more information on native dependency injection please refer to https://testng.org/doc/documentation-main.html#native-dependency-injection">
      <![CDATA[org.testng.TestNGException: 
Can inject only one of <ITestContext, XmlTest> into a @BeforeTest annotated lounchBrowser.
For more information on native dependency injection please refer to https://testng.org/doc/documentation-main.html#native-dependency-injection
... Removed 21 stack frames]]>
    </failure>
  </testcase> <!-- @BeforeTest lounchBrowser -->
  <testcase classname="com.application.TestNG1" name="@BeforeClass beforeClass" time="-1.65388874913E9">
    <skipped/>
  </testcase> <!-- @BeforeClass beforeClass -->
  <testcase classname="com.application.TestNG1" name="@BeforeMethod beforeMethod" time="-1.653888749153E9">
    <skipped/>
  </testcase> <!-- @BeforeMethod beforeMethod -->
  <testcase classname="com.application.TestNG1" name="@AfterMethod afterMethod" time="-1.653888749162E9">
    <skipped/>
  </testcase> <!-- @AfterMethod afterMethod -->
  <testcase classname="com.application.TestNG1" name="@BeforeMethod beforeMethod" time="-1.653888749165E9">
    <skipped/>
  </testcase> <!-- @BeforeMethod beforeMethod -->
  <testcase classname="com.application.TestNG1" name="@AfterMethod afterMethod" time="-1.653888749173E9">
    <skipped/>
  </testcase> <!-- @AfterMethod afterMethod -->
  <testcase classname="com.application.TestNG1" name="@AfterClass afterClass" time="-1.653888749177E9">
    <skipped/>
  </testcase> <!-- @AfterClass afterClass -->
  <testcase classname="com.application.VerifytheActiTimeHeader" name="@BeforeClass lounchBrowser" time="-1.653888749183E9">
    <skipped/>
  </testcase> <!-- @BeforeClass lounchBrowser -->
  <testcase classname="com.application.VerifytheActiTimeHeader" name="@BeforeMethod loginToApplication" time="-1.653888749187E9">
    <skipped/>
  </testcase> <!-- @BeforeMethod loginToApplication -->
  <testcase classname="com.application.VerifytheActiTimeHeader" name="@AfterMethod logoutApplication" time="-1.653888749192E9">
    <skipped/>
  </testcase> <!-- @AfterMethod logoutApplication -->
  <testcase classname="com.application.VerifytheActiTimeHeader" name="@AfterClass clearPOMObjects" time="-1.653888749193E9">
    <skipped/>
  </testcase> <!-- @AfterClass clearPOMObjects -->
  <testcase classname="com.application.TestNG1" name="@AfterTest afterTest" time="-1.653888749194E9">
    <skipped/>
  </testcase> <!-- @AfterTest afterTest -->
  <testcase classname="com.application.VerifytheActiTimeHeader" name="@AfterTest closeBrowser" time="-1.653888749196E9">
    <skipped/>
  </testcase> <!-- @AfterTest closeBrowser -->
  <testcase classname="com.application.TestNG1" name="test" time="0.0">
    <skipped/>
  </testcase> <!-- test -->
  <testcase classname="com.application.TestNG1" name="test1" time="0.0">
    <skipped/>
  </testcase> <!-- test1 -->
  <testcase classname="com.application.VerifytheActiTimeHeader" name="verifyTasksTab" time="0.0">
    <skipped/>
  </testcase> <!-- verifyTasksTab -->
  <testcase classname="com.application.VerifytheActiTimeHeader" name="verifyRetoprsTab" time="0.0">
    <ignored/>
  </testcase> <!-- verifyRetoprsTab -->
  <testcase classname="com.application.TestNG1" name="test2" time="0.0">
    <ignored/>
  </testcase> <!-- test2 -->
</testsuite> <!-- Test -->
