<?xml version="1.0" encoding="UTF-8"?>
<!-- Generated by org.testng.reporters.JUnitXMLReporter -->
<testsuite ignored="0" hostname="Vaishnavi" failures="0" tests="4" name="Test" time="0.178" errors="0" timestamp="2022-05-21T06:27:33 IST">
  <testcase classname="com.application.TestNG1" name="test" time="0.009"/>
  <testcase classname="com.application.Demo" name="testC" time="0.005"/>
  <testcase classname="com.application.Demo" name="testA" time="0.001"/>
  <testcase classname="com.application.Demo" name="testB" time="0.003"/>
</testsuite> <!-- Test -->
